<?xml version="1.0" encoding="UTF-8"?>
<!-- Generated by org.testng.reporters.JUnitReportReporter -->
<testsuite hostname="LAPTOP-O1IA0A5B" failures="0" tests="5" name="com.tutorialsninja.TestCases.LoginTest" time="52.445" errors="0" timestamp="2023-11-04T11:27:10 EDT" skipped="0">
  <testcase classname="com.tutorialsninja.TestCases.LoginTest" name="verifyLoginWithValidCredentials" time="6.575"/>
  <testcase classname="com.tutorialsninja.TestCases.LoginTest" name="verifyLoginWithInvalidCredentials" time="13.958"/>
  <testcase classname="com.tutorialsninja.TestCases.LoginTest" name="verifyLoginWithValidEmailInvalidPassword" time="11.055"/>
  <testcase classname="com.tutorialsninja.TestCases.LoginTest" name="verifyLoginWithInvalidEmailValidPassword" time="12.034"/>
  <testcase classname="com.tutorialsninja.TestCases.LoginTest" name="verifyLoginWithNoCredentials" time="8.823"/>
</testsuite> <!-- com.tutorialsninja.TestCases.LoginTest -->
