<?xml version="1.0" encoding="UTF-8"?>
<!-- Generated by org.testng.reporters.JUnitReportReporter -->
<testsuite hostname="LAPTOP-O1IA0A5B" failures="0" tests="1" name="com.tutorialsninja.TestCases.AddToCartTest" time="18.895" errors="0" timestamp="2023-11-04T18:47:41 EDT" skipped="0">
  <testcase classname="com.tutorialsninja.TestCases.AddToCartTest" name="checkingOutValidProduct" time="18.895"/>
</testsuite> <!-- com.tutorialsninja.TestCases.AddToCartTest -->
