<?xml version="1.0" encoding="UTF-8"?>
<!-- Generated by org.testng.reporters.JUnitReportReporter -->
<testsuite hostname="LAPTOP-O1IA0A5B" failures="0" tests="3" name="com.tutorialsninja.TestCases.SearchProductTest" time="20.021" errors="0" timestamp="2023-11-04T11:27:10 EDT" skipped="0">
  <testcase classname="com.tutorialsninja.TestCases.SearchProductTest" name="verifySearchWithValidProduct" time="6.298"/>
  <testcase classname="com.tutorialsninja.TestCases.SearchProductTest" name="VerifySearchWithInvalidProduct" time="7.417"/>
  <testcase classname="com.tutorialsninja.TestCases.SearchProductTest" name="verifySearchWithNoProduct" time="6.306"/>
</testsuite> <!-- com.tutorialsninja.TestCases.SearchProductTest -->
