<?xml version="1.0" encoding="UTF-8"?>
<!-- Generated by org.testng.reporters.JUnitReportReporter -->
<testsuite hostname="LAPTOP-O1IA0A5B" failures="0" tests="1" name="com.tutorialsninja.TestCases.AddToCartTest" time="7.296" errors="0" timestamp="2023-11-04T13:32:20 EDT" skipped="0">
  <testcase classname="com.tutorialsninja.TestCases.AddToCartTest" name="checkingOutValidProduct" time="7.296"/>
</testsuite> <!-- com.tutorialsninja.TestCases.AddToCartTest -->
