<?xml version="1.0" encoding="UTF-8"?>
<!-- Generated by org.testng.reporters.JUnitReportReporter -->
<testsuite hostname="LAPTOP-O1IA0A5B" failures="0" tests="4" name="com.tutorialsninja.TestCases.RegisterTest" time="28.511" errors="0" timestamp="2023-11-04T11:27:10 EDT" skipped="0">
  <testcase classname="com.tutorialsninja.TestCases.RegisterTest" name="verifyRegisterWisthMandatoryFields" time="6.810"/>
  <testcase classname="com.tutorialsninja.TestCases.RegisterTest" name="verifyRegisterWithAllFields" time="7.540"/>
  <testcase classname="com.tutorialsninja.TestCases.RegisterTest" name="verifyRegisterWithExistingEmail" time="8.052"/>
  <testcase classname="com.tutorialsninja.TestCases.RegisterTest" name="verifyRegisterWithNoFields" time="6.109"/>
</testsuite> <!-- com.tutorialsninja.TestCases.RegisterTest -->
